<?xml version="1.0" encoding="UTF-8"?>
<!-- Generated by org.testng.reporters.JUnitReportReporter -->
<testsuite hostname="DESKTOP-QLPR4D1" failures="0" tests="1" name="GreenAura.PostComment" time="28.014" errors="0" timestamp="2024-11-13T14:57:56 IST" skipped="0">
  <testcase classname="GreenAura.PostComment" name="testPostComment" time="28.014"/>
  <system-out/>
</testsuite> <!-- GreenAura.PostComment -->
