<?xml version="1.0" encoding="UTF-8"?>
<!-- Generated by org.testng.reporters.JUnitReportReporter -->
<testsuite hostname="DESKTOP-QLPR4D1" failures="0" tests="1" name="GreenAura.CategoriesPage" time="37.100" errors="0" timestamp="2024-11-13T14:24:29 IST" skipped="0">
  <testcase classname="GreenAura.CategoriesPage" name="testCart" time="37.100"/>
  <system-out/>
</testsuite> <!-- GreenAura.CategoriesPage -->
