<?xml version="1.0" encoding="UTF-8"?>
<!-- Generated by org.testng.reporters.JUnitReportReporter -->
<testsuite hostname="DESKTOP-QLPR4D1" failures="0" tests="1" name="GreenAura.SearchBar" time="7.099" errors="0" timestamp="2024-11-14T10:02:26 IST" skipped="0">
  <testcase classname="GreenAura.SearchBar" name="testSearchBar" time="7.099"/>
  <system-out/>
</testsuite> <!-- GreenAura.SearchBar -->
