<?xml version="1.0" encoding="UTF-8"?>
<!-- Generated by org.testng.reporters.JUnitReportReporter -->
<testsuite hostname="DESKTOP-QLPR4D1" failures="0" tests="1" name="GreenAura.SearchBar" time="42.682" errors="0" timestamp="2024-11-04T15:16:13 IST" skipped="0">
  <testcase classname="GreenAura.SearchBar" name="Testcart" time="42.682"/>
  <system-out/>
</testsuite> <!-- GreenAura.SearchBar -->
