<?xml version="1.0" encoding="UTF-8"?>
<!-- Generated by org.testng.reporters.JUnitReportReporter -->
<testsuite hostname="DESKTOP-QLPR4D1" failures="0" tests="1" name="GreenAura.ContactUs" time="30.936" errors="0" timestamp="2024-11-06T10:01:37 IST" skipped="0">
  <testcase classname="GreenAura.ContactUs" name="Testcart" time="30.936"/>
  <system-out/>
</testsuite> <!-- GreenAura.ContactUs -->
