<?xml version="1.0" encoding="UTF-8"?>
<!-- Generated by org.testng.reporters.JUnitReportReporter -->
<testsuite hostname="DESKTOP-QLPR4D1" failures="0" tests="1" name="GreenAura.AddToCart" time="25.218" errors="0" timestamp="2024-11-11T12:45:40 IST" skipped="0">
  <testcase classname="GreenAura.AddToCart" name="testCart" time="25.218"/>
  <system-out/>
</testsuite> <!-- GreenAura.AddToCart -->
