<?xml version="1.0" encoding="UTF-8"?>
<!-- Generated by org.testng.reporters.JUnitReportReporter -->
<testsuite hostname="DESKTOP-QLPR4D1" failures="0" tests="1" name="GreenAura.Wishlist" time="89.514" errors="0" timestamp="2024-11-08T17:18:18 IST" skipped="0">
  <testcase classname="GreenAura.Wishlist" name="Testcart" time="89.514"/>
  <system-out/>
</testsuite> <!-- GreenAura.Wishlist -->
