<?xml version="1.0" encoding="UTF-8"?>
<!-- Generated by org.testng.reporters.JUnitReportReporter -->
<testsuite hostname="DESKTOP-QLPR4D1" failures="0" tests="3" name="Demo.SecondTestCase" time="0.007" errors="0" timestamp="2024-09-29T12:41:28 IST" skipped="0">
  <testcase classname="Demo.SecondTestCase" name="testMethod2" time="0.003"/>
  <system-out/>
  <testcase classname="Demo.SecondTestCase" name="testMethod1" time="0.001"/>
  <system-out/>
  <testcase classname="Demo.SecondTestCase" name="testMethod3" time="0.003"/>
  <system-out/>
</testsuite> <!-- Demo.SecondTestCase -->
