<?xml version="1.0" encoding="UTF-8"?>
<!-- Generated by org.testng.reporters.JUnitReportReporter -->
<testsuite hostname="DESKTOP-QLPR4D1" failures="0" tests="1" name="GreenAura.NewsLetter" time="22.349" errors="0" timestamp="2024-11-05T17:51:44 IST" skipped="0">
  <testcase classname="GreenAura.NewsLetter" name="Testcart" time="22.349"/>
  <system-out/>
</testsuite> <!-- GreenAura.NewsLetter -->
