<?xml version="1.0" encoding="UTF-8"?>
<!-- Generated by org.testng.reporters.JUnitReportReporter -->
<testsuite hostname="DESKTOP-QLPR4D1" failures="0" tests="1" name="GreenAura.RegisterPage" time="9.877" errors="0" timestamp="2024-10-29T13:05:03 IST" skipped="0">
  <testcase classname="GreenAura.RegisterPage" name="RegisterTest" time="9.877"/>
  <system-out/>
</testsuite> <!-- GreenAura.RegisterPage -->
