<?xml version="1.0" encoding="UTF-8"?>
<!-- Generated by org.testng.reporters.JUnitReportReporter -->
<testsuite hostname="DESKTOP-QLPR4D1" failures="0" tests="1" name="GreenAura.ContactUs" time="61.211" errors="0" timestamp="2024-11-08T17:46:36 IST" skipped="0">
  <testcase classname="GreenAura.ContactUs" name="testContactUsForm" time="61.211"/>
  <system-out/>
</testsuite> <!-- GreenAura.ContactUs -->
