<?xml version="1.0" encoding="UTF-8"?>
<!-- Generated by org.testng.reporters.JUnitReportReporter -->
<testsuite hostname="DESKTOP-QLPR4D1" failures="0" tests="2" name="Demo.TestNGAnnotation" time="0.021" errors="0" timestamp="2024-10-11T12:47:07 IST" skipped="0">
  <testcase classname="Demo.TestNGAnnotation" name="testMethod1" time="0.012"/>
  <system-out/>
  <testcase classname="Demo.TestNGAnnotation" name="testMethod2" time="0.009"/>
  <system-out/>
</testsuite> <!-- Demo.TestNGAnnotation -->
