<?xml version="1.0" encoding="UTF-8"?>
<!-- Generated by org.testng.reporters.JUnitReportReporter -->
<testsuite hostname="DESKTOP-QLPR4D1" failures="0" tests="3" name="Demo.FirstTestCase" time="0.013" errors="0" timestamp="2024-09-29T12:41:28 IST" skipped="0">
  <testcase classname="Demo.FirstTestCase" name="setup" time="0.009"/>
  <system-out/>
  <testcase classname="Demo.FirstTestCase" name="login" time="0.002"/>
  <system-out/>
  <testcase classname="Demo.FirstTestCase" name="close" time="0.002"/>
  <system-out/>
</testsuite> <!-- Demo.FirstTestCase -->
