<?xml version="1.0" encoding="UTF-8"?>
<!-- Generated by org.testng.reporters.JUnitReportReporter -->
<testsuite hostname="DESKTOP-QLPR4D1" failures="0" tests="1" name="GreenAura.RegisterPage" time="12.374" errors="0" timestamp="2024-11-13T16:26:37 IST" skipped="0">
  <testcase classname="GreenAura.RegisterPage" name="RegisterTest" time="12.374"/>
  <system-out/>
</testsuite> <!-- GreenAura.RegisterPage -->
