<?xml version="1.0" encoding="UTF-8"?>
<!-- Generated by org.testng.reporters.JUnitReportReporter -->
<testsuite hostname="DESKTOP-QLPR4D1" failures="0" tests="1" name="GreenAura.BlogPages" time="118.513" errors="0" timestamp="2024-11-13T14:49:43 IST" skipped="0">
  <testcase classname="GreenAura.BlogPages" name="testBlogPages" time="118.513"/>
  <system-out/>
</testsuite> <!-- GreenAura.BlogPages -->
