<?xml version="1.0" encoding="UTF-8"?>
<!-- Generated by org.testng.reporters.JUnitReportReporter -->
<testsuite hostname="DESKTOP-QLPR4D1" failures="0" tests="1" name="GreenAura.LoginPage" time="122.005" errors="0" timestamp="2024-11-08T15:52:23 IST" skipped="0">
  <testcase classname="GreenAura.LoginPage" name="loginTest" time="122.005"/>
  <system-out/>
</testsuite> <!-- GreenAura.LoginPage -->
